  [1m[35m (0.9ms)[0m  [1m[35mCREATE TABLE "schema_migrations" ("version" varchar NOT NULL PRIMARY KEY)[0m
  [1m[35m (0.9ms)[0m  [1m[35mCREATE TABLE "ar_internal_metadata" ("key" varchar NOT NULL PRIMARY KEY, "value" varchar, "created_at" datetime NOT NULL, "updated_at" datetime NOT NULL)[0m
  [1m[36mActiveRecord::SchemaMigration Load (0.1ms)[0m  [1m[34mSELECT "schema_migrations".* FROM "schema_migrations"[0m
Migrating to CreateTidbits (20170309034807)
  [1m[35m (0.1ms)[0m  [1m[36mbegin transaction[0m
  [1m[35m (0.0ms)[0m  [1m[31mrollback transaction[0m
  [1m[36mActiveRecord::SchemaMigration Load (0.3ms)[0m  [1m[34mSELECT "schema_migrations".* FROM "schema_migrations"[0m
Migrating to CreateTidbits (20170309034807)
  [1m[35m (0.1ms)[0m  [1m[36mbegin transaction[0m
  [1m[35m (0.5ms)[0m  [1m[35mCREATE TABLE "tidbits" ("id" INTEGER PRIMARY KEY AUTOINCREMENT NOT NULL, "title" varchar, "description" text, "source" varchar, "user_id" integer, "created_at" datetime NOT NULL, "updated_at" datetime NOT NULL)[0m
  [1m[35m (0.1ms)[0m  [1m[34mselect sqlite_version(*)[0m
  [1m[35m (0.1ms)[0m  [1m[35mCREATE  INDEX "index_tidbits_on_user_id" ON "tidbits" ("user_id")[0m
  [1m[35mSQL (0.1ms)[0m  [1m[32mINSERT INTO "schema_migrations" ("version") VALUES (?)[0m  [["version", "20170309034807"]]
  [1m[35m (2.2ms)[0m  [1m[36mcommit transaction[0m
Migrating to CreateLocations (20170309034812)
  [1m[35m (0.0ms)[0m  [1m[36mbegin transaction[0m
  [1m[35m (0.3ms)[0m  [1m[35mCREATE TABLE "locations" ("id" INTEGER PRIMARY KEY AUTOINCREMENT NOT NULL, "name" varchar, "created_at" datetime NOT NULL, "updated_at" datetime NOT NULL)[0m
  [1m[35mSQL (0.1ms)[0m  [1m[32mINSERT INTO "schema_migrations" ("version") VALUES (?)[0m  [["version", "20170309034812"]]
  [1m[35m (0.4ms)[0m  [1m[36mcommit transaction[0m
Migrating to CreateTags (20170309034816)
  [1m[35m (0.1ms)[0m  [1m[36mbegin transaction[0m
  [1m[35m (0.3ms)[0m  [1m[35mCREATE TABLE "tags" ("id" INTEGER PRIMARY KEY AUTOINCREMENT NOT NULL, "name" varchar, "created_at" datetime NOT NULL, "updated_at" datetime NOT NULL)[0m
  [1m[35mSQL (0.1ms)[0m  [1m[32mINSERT INTO "schema_migrations" ("version") VALUES (?)[0m  [["version", "20170309034816"]]
  [1m[35m (0.4ms)[0m  [1m[36mcommit transaction[0m
Migrating to CreateUsers (20170309034822)
  [1m[35m (0.0ms)[0m  [1m[36mbegin transaction[0m
  [1m[35m (0.4ms)[0m  [1m[35mCREATE TABLE "users" ("id" INTEGER PRIMARY KEY AUTOINCREMENT NOT NULL, "name" varchar, "email" varchar, "location_id" integer, "created_at" datetime NOT NULL, "updated_at" datetime NOT NULL)[0m
  [1m[35m (0.1ms)[0m  [1m[35mCREATE  INDEX "index_users_on_location_id" ON "users" ("location_id")[0m
  [1m[35mSQL (0.1ms)[0m  [1m[32mINSERT INTO "schema_migrations" ("version") VALUES (?)[0m  [["version", "20170309034822"]]
  [1m[35m (0.5ms)[0m  [1m[36mcommit transaction[0m
Migrating to CreateAppreciates (20170309034908)
  [1m[35m (0.0ms)[0m  [1m[36mbegin transaction[0m
  [1m[35m (0.3ms)[0m  [1m[35mCREATE TABLE "appreciates" ("id" INTEGER PRIMARY KEY AUTOINCREMENT NOT NULL, "user_id" integer, "tidbit_id" integer, "created_at" datetime NOT NULL, "updated_at" datetime NOT NULL)[0m
  [1m[35m (0.2ms)[0m  [1m[35mCREATE  INDEX "index_appreciates_on_user_id" ON "appreciates" ("user_id")[0m
  [1m[35m (0.1ms)[0m  [1m[34m            SELECT sql
            FROM sqlite_master
            WHERE name='index_appreciates_on_user_id' AND type='index'
            UNION ALL
            SELECT sql
            FROM sqlite_temp_master
            WHERE name='index_appreciates_on_user_id' AND type='index'
[0m
  [1m[35m (0.2ms)[0m  [1m[35mCREATE  INDEX "index_appreciates_on_tidbit_id" ON "appreciates" ("tidbit_id")[0m
  [1m[35mSQL (0.1ms)[0m  [1m[32mINSERT INTO "schema_migrations" ("version") VALUES (?)[0m  [["version", "20170309034908"]]
  [1m[35m (0.5ms)[0m  [1m[36mcommit transaction[0m
Migrating to CreateComments (20170309034916)
  [1m[35m (0.0ms)[0m  [1m[36mbegin transaction[0m
  [1m[35m (0.3ms)[0m  [1m[35mCREATE TABLE "comments" ("id" INTEGER PRIMARY KEY AUTOINCREMENT NOT NULL, "text" text, "user_id" integer, "tidbit_id" integer, "created_at" datetime NOT NULL, "updated_at" datetime NOT NULL)[0m
  [1m[35m (0.1ms)[0m  [1m[35mCREATE  INDEX "index_comments_on_user_id" ON "comments" ("user_id")[0m
  [1m[35m (0.0ms)[0m  [1m[34m            SELECT sql
            FROM sqlite_master
            WHERE name='index_comments_on_user_id' AND type='index'
            UNION ALL
            SELECT sql
            FROM sqlite_temp_master
            WHERE name='index_comments_on_user_id' AND type='index'
[0m
  [1m[35m (0.1ms)[0m  [1m[35mCREATE  INDEX "index_comments_on_tidbit_id" ON "comments" ("tidbit_id")[0m
  [1m[35mSQL (0.2ms)[0m  [1m[32mINSERT INTO "schema_migrations" ("version") VALUES (?)[0m  [["version", "20170309034916"]]
  [1m[35m (0.5ms)[0m  [1m[36mcommit transaction[0m
Migrating to CreateTagsTidbits (20170309035213)
  [1m[35m (0.0ms)[0m  [1m[36mbegin transaction[0m
  [1m[35m (0.4ms)[0m  [1m[35mCREATE TABLE "tags_tidbits" ("id" INTEGER PRIMARY KEY AUTOINCREMENT NOT NULL, "tag_id" integer, "tidbit_id" integer, "created_at" datetime NOT NULL, "updated_at" datetime NOT NULL)[0m
  [1m[35m (0.1ms)[0m  [1m[35mCREATE  INDEX "index_tags_tidbits_on_tag_id" ON "tags_tidbits" ("tag_id")[0m
  [1m[35m (0.0ms)[0m  [1m[34m            SELECT sql
            FROM sqlite_master
            WHERE name='index_tags_tidbits_on_tag_id' AND type='index'
            UNION ALL
            SELECT sql
            FROM sqlite_temp_master
            WHERE name='index_tags_tidbits_on_tag_id' AND type='index'
[0m
  [1m[35m (0.1ms)[0m  [1m[35mCREATE  INDEX "index_tags_tidbits_on_tidbit_id" ON "tags_tidbits" ("tidbit_id")[0m
  [1m[35mSQL (0.1ms)[0m  [1m[32mINSERT INTO "schema_migrations" ("version") VALUES (?)[0m  [["version", "20170309035213"]]
  [1m[35m (0.4ms)[0m  [1m[36mcommit transaction[0m
  [1m[36mActiveRecord::InternalMetadata Load (0.1ms)[0m  [1m[34mSELECT  "ar_internal_metadata".* FROM "ar_internal_metadata" WHERE "ar_internal_metadata"."key" = ? LIMIT ?[0m  [["key", :environment], ["LIMIT", 1]]
  [1m[35m (0.0ms)[0m  [1m[36mbegin transaction[0m
  [1m[35mSQL (0.3ms)[0m  [1m[32mINSERT INTO "ar_internal_metadata" ("key", "value", "created_at", "updated_at") VALUES (?, ?, ?, ?)[0m  [["key", "environment"], ["value", "development"], ["created_at", 2017-03-09 03:58:36 UTC], ["updated_at", 2017-03-09 03:58:36 UTC]]
  [1m[35m (0.5ms)[0m  [1m[36mcommit transaction[0m
  [1m[36mActiveRecord::SchemaMigration Load (0.1ms)[0m  [1m[34mSELECT "schema_migrations".* FROM "schema_migrations"[0m
  [1m[35m (0.1ms)[0m  [1m[34m            SELECT sql
            FROM sqlite_master
            WHERE name='index_appreciates_on_tidbit_id' AND type='index'
            UNION ALL
            SELECT sql
            FROM sqlite_temp_master
            WHERE name='index_appreciates_on_tidbit_id' AND type='index'
[0m
  [1m[35m (0.1ms)[0m  [1m[34m            SELECT sql
            FROM sqlite_master
            WHERE name='index_appreciates_on_user_id' AND type='index'
            UNION ALL
            SELECT sql
            FROM sqlite_temp_master
            WHERE name='index_appreciates_on_user_id' AND type='index'
[0m
  [1m[35m (0.1ms)[0m  [1m[34m            SELECT sql
            FROM sqlite_master
            WHERE name='index_comments_on_tidbit_id' AND type='index'
            UNION ALL
            SELECT sql
            FROM sqlite_temp_master
            WHERE name='index_comments_on_tidbit_id' AND type='index'
[0m
  [1m[35m (0.1ms)[0m  [1m[34m            SELECT sql
            FROM sqlite_master
            WHERE name='index_comments_on_user_id' AND type='index'
            UNION ALL
            SELECT sql
            FROM sqlite_temp_master
            WHERE name='index_comments_on_user_id' AND type='index'
[0m
  [1m[35m (0.1ms)[0m  [1m[34m            SELECT sql
            FROM sqlite_master
            WHERE name='index_tags_tidbits_on_tidbit_id' AND type='index'
            UNION ALL
            SELECT sql
            FROM sqlite_temp_master
            WHERE name='index_tags_tidbits_on_tidbit_id' AND type='index'
[0m
  [1m[35m (0.1ms)[0m  [1m[34m            SELECT sql
            FROM sqlite_master
            WHERE name='index_tags_tidbits_on_tag_id' AND type='index'
            UNION ALL
            SELECT sql
            FROM sqlite_temp_master
            WHERE name='index_tags_tidbits_on_tag_id' AND type='index'
[0m
  [1m[35m (0.2ms)[0m  [1m[34m            SELECT sql
            FROM sqlite_master
            WHERE name='index_tidbits_on_user_id' AND type='index'
            UNION ALL
            SELECT sql
            FROM sqlite_temp_master
            WHERE name='index_tidbits_on_user_id' AND type='index'
[0m
  [1m[35m (0.2ms)[0m  [1m[34m            SELECT sql
            FROM sqlite_master
            WHERE name='index_users_on_location_id' AND type='index'
            UNION ALL
            SELECT sql
            FROM sqlite_temp_master
            WHERE name='index_users_on_location_id' AND type='index'
[0m
  [1m[35m (8.1ms)[0m  [1m[35mCREATE TABLE "schema_migrations" ("version" character varying PRIMARY KEY)[0m
  [1m[35m (3.3ms)[0m  [1m[35mCREATE TABLE "ar_internal_metadata" ("key" character varying PRIMARY KEY, "value" character varying, "created_at" timestamp NOT NULL, "updated_at" timestamp NOT NULL)[0m
  [1m[35m (0.2ms)[0m  [1m[34mSELECT pg_try_advisory_lock(3187142561276650935);[0m
  [1m[36mActiveRecord::SchemaMigration Load (0.4ms)[0m  [1m[34mSELECT "schema_migrations".* FROM "schema_migrations"[0m
Migrating to CreateTidbits (20170309034807)
  [1m[35m (0.3ms)[0m  [1m[35mBEGIN[0m
  [1m[35m (5.9ms)[0m  [1m[35mCREATE TABLE "tidbits" ("id" serial primary key, "title" character varying, "description" text, "source" character varying, "user_id" integer, "created_at" timestamp NOT NULL, "updated_at" timestamp NOT NULL, CONSTRAINT "fk_rails_ff8b05d436"
FOREIGN KEY ("user_id")
  REFERENCES "users" ("id")
)[0m
  [1m[35m (0.1ms)[0m  [1m[31mROLLBACK[0m
  [1m[35m (0.2ms)[0m  [1m[34mSELECT pg_advisory_unlock(3187142561276650935)[0m
  [1m[35m (0.2ms)[0m  [1m[34mSELECT pg_try_advisory_lock(3187142561276650935);[0m
  [1m[36mActiveRecord::SchemaMigration Load (0.4ms)[0m  [1m[34mSELECT "schema_migrations".* FROM "schema_migrations"[0m
Migrating to CreateTidbits (20170309034807)
  [1m[35m (0.1ms)[0m  [1m[35mBEGIN[0m
  [1m[35m (6.2ms)[0m  [1m[35mCREATE TABLE "tidbits" ("id" serial primary key, "title" character varying, "description" text, "source" character varying, "created_at" timestamp NOT NULL, "updated_at" timestamp NOT NULL)[0m
  [1m[35mSQL (1.7ms)[0m  [1m[32mINSERT INTO "schema_migrations" ("version") VALUES ($1) RETURNING "version"[0m  [["version", "20170309034807"]]
  [1m[35m (0.3ms)[0m  [1m[35mCOMMIT[0m
Migrating to CreateLocations (20170309034812)
  [1m[35m (0.2ms)[0m  [1m[35mBEGIN[0m
  [1m[35m (3.3ms)[0m  [1m[35mCREATE TABLE "locations" ("id" serial primary key, "name" character varying, "created_at" timestamp NOT NULL, "updated_at" timestamp NOT NULL)[0m
  [1m[35mSQL (0.6ms)[0m  [1m[32mINSERT INTO "schema_migrations" ("version") VALUES ($1) RETURNING "version"[0m  [["version", "20170309034812"]]
  [1m[35m (0.3ms)[0m  [1m[35mCOMMIT[0m
Migrating to CreateTags (20170309034816)
  [1m[35m (0.2ms)[0m  [1m[35mBEGIN[0m
  [1m[35m (3.7ms)[0m  [1m[35mCREATE TABLE "tags" ("id" serial primary key, "name" character varying, "created_at" timestamp NOT NULL, "updated_at" timestamp NOT NULL)[0m
  [1m[35mSQL (0.3ms)[0m  [1m[32mINSERT INTO "schema_migrations" ("version") VALUES ($1) RETURNING "version"[0m  [["version", "20170309034816"]]
  [1m[35m (0.3ms)[0m  [1m[35mCOMMIT[0m
Migrating to CreateUsers (20170309034822)
  [1m[35m (0.2ms)[0m  [1m[35mBEGIN[0m
  [1m[35m (5.2ms)[0m  [1m[35mCREATE TABLE "users" ("id" serial primary key, "name" character varying, "email" character varying, "location_id" integer, "created_at" timestamp NOT NULL, "updated_at" timestamp NOT NULL, CONSTRAINT "fk_rails_5d96f79c2b"
FOREIGN KEY ("location_id")
  REFERENCES "locations" ("id")
)[0m
  [1m[35m (0.9ms)[0m  [1m[35mCREATE  INDEX  "index_users_on_location_id" ON "users"  ("location_id")[0m
  [1m[35mSQL (0.3ms)[0m  [1m[32mINSERT INTO "schema_migrations" ("version") VALUES ($1) RETURNING "version"[0m  [["version", "20170309034822"]]
  [1m[35m (0.6ms)[0m  [1m[35mCOMMIT[0m
Migrating to CreateAppreciates (20170309034908)
  [1m[35m (0.2ms)[0m  [1m[35mBEGIN[0m
  [1m[35m (4.7ms)[0m  [1m[35mCREATE TABLE "appreciates" ("id" serial primary key, "user_id" integer, "tidbit_id" integer, "created_at" timestamp NOT NULL, "updated_at" timestamp NOT NULL, CONSTRAINT "fk_rails_de64107889"
FOREIGN KEY ("user_id")
  REFERENCES "users" ("id")
, CONSTRAINT "fk_rails_ce296e6e90"
FOREIGN KEY ("tidbit_id")
  REFERENCES "tidbits" ("id")
)[0m
  [1m[35m (0.6ms)[0m  [1m[35mCREATE  INDEX  "index_appreciates_on_user_id" ON "appreciates"  ("user_id")[0m
  [1m[35m (0.7ms)[0m  [1m[35mCREATE  INDEX  "index_appreciates_on_tidbit_id" ON "appreciates"  ("tidbit_id")[0m
  [1m[35mSQL (0.2ms)[0m  [1m[32mINSERT INTO "schema_migrations" ("version") VALUES ($1) RETURNING "version"[0m  [["version", "20170309034908"]]
  [1m[35m (0.2ms)[0m  [1m[35mCOMMIT[0m
Migrating to CreateComments (20170309034916)
  [1m[35m (0.2ms)[0m  [1m[35mBEGIN[0m
  [1m[35m (5.2ms)[0m  [1m[35mCREATE TABLE "comments" ("id" serial primary key, "text" text, "user_id" integer, "tidbit_id" integer, "created_at" timestamp NOT NULL, "updated_at" timestamp NOT NULL, CONSTRAINT "fk_rails_03de2dc08c"
FOREIGN KEY ("user_id")
  REFERENCES "users" ("id")
, CONSTRAINT "fk_rails_450bf892a6"
FOREIGN KEY ("tidbit_id")
  REFERENCES "tidbits" ("id")
)[0m
  [1m[35m (1.0ms)[0m  [1m[35mCREATE  INDEX  "index_comments_on_user_id" ON "comments"  ("user_id")[0m
  [1m[35m (0.9ms)[0m  [1m[35mCREATE  INDEX  "index_comments_on_tidbit_id" ON "comments"  ("tidbit_id")[0m
  [1m[35mSQL (0.3ms)[0m  [1m[32mINSERT INTO "schema_migrations" ("version") VALUES ($1) RETURNING "version"[0m  [["version", "20170309034916"]]
  [1m[35m (0.3ms)[0m  [1m[35mCOMMIT[0m
Migrating to CreateTagsTidbits (20170309035213)
  [1m[35m (0.3ms)[0m  [1m[35mBEGIN[0m
  [1m[35m (4.6ms)[0m  [1m[35mCREATE TABLE "tags_tidbits" ("id" serial primary key, "tag_id" integer, "tidbit_id" integer, "created_at" timestamp NOT NULL, "updated_at" timestamp NOT NULL, CONSTRAINT "fk_rails_590651bf5b"
FOREIGN KEY ("tag_id")
  REFERENCES "tags" ("id")
, CONSTRAINT "fk_rails_6e4c1e307e"
FOREIGN KEY ("tidbit_id")
  REFERENCES "tidbits" ("id")
)[0m
  [1m[35m (0.8ms)[0m  [1m[35mCREATE  INDEX  "index_tags_tidbits_on_tag_id" ON "tags_tidbits"  ("tag_id")[0m
  [1m[35m (1.0ms)[0m  [1m[35mCREATE  INDEX  "index_tags_tidbits_on_tidbit_id" ON "tags_tidbits"  ("tidbit_id")[0m
  [1m[35mSQL (0.2ms)[0m  [1m[32mINSERT INTO "schema_migrations" ("version") VALUES ($1) RETURNING "version"[0m  [["version", "20170309035213"]]
  [1m[35m (0.2ms)[0m  [1m[35mCOMMIT[0m
Migrating to AddUsersToTidbits (20170309183221)
  [1m[35m (0.2ms)[0m  [1m[35mBEGIN[0m
  [1m[35m (0.6ms)[0m  [1m[35mALTER TABLE "tidbits" ADD "user_id" integer[0m
  [1m[35m (0.7ms)[0m  [1m[35mCREATE  INDEX  "index_tidbits_on_user_id" ON "tidbits"  ("user_id")[0m
  [1m[35m (2.0ms)[0m  [1m[35mALTER TABLE "tidbits" ADD CONSTRAINT "fk_rails_ff8b05d436"
FOREIGN KEY ("user_id")
  REFERENCES "users" ("id")
[0m
  [1m[35mSQL (0.3ms)[0m  [1m[32mINSERT INTO "schema_migrations" ("version") VALUES ($1) RETURNING "version"[0m  [["version", "20170309183221"]]
  [1m[35m (0.2ms)[0m  [1m[35mCOMMIT[0m
  [1m[36mActiveRecord::InternalMetadata Load (0.4ms)[0m  [1m[34mSELECT  "ar_internal_metadata".* FROM "ar_internal_metadata" WHERE "ar_internal_metadata"."key" = $1 LIMIT $2[0m  [["key", :environment], ["LIMIT", 1]]
  [1m[35m (0.1ms)[0m  [1m[35mBEGIN[0m
  [1m[35mSQL (0.6ms)[0m  [1m[32mINSERT INTO "ar_internal_metadata" ("key", "value", "created_at", "updated_at") VALUES ($1, $2, $3, $4) RETURNING "key"[0m  [["key", "environment"], ["value", "development"], ["created_at", 2017-03-09 18:32:37 UTC], ["updated_at", 2017-03-09 18:32:37 UTC]]
  [1m[35m (0.2ms)[0m  [1m[35mCOMMIT[0m
  [1m[35m (0.2ms)[0m  [1m[34mSELECT pg_advisory_unlock(3187142561276650935)[0m
  [1m[36mActiveRecord::SchemaMigration Load (0.2ms)[0m  [1m[34mSELECT "schema_migrations".* FROM "schema_migrations"[0m
Started GET "/tidbits" for ::1 at 2017-03-09 13:32:45 -0500
  [1m[36mActiveRecord::SchemaMigration Load (0.7ms)[0m  [1m[34mSELECT "schema_migrations".* FROM "schema_migrations"[0m
  
ActionController::RoutingError (No route matches [GET] "/tidbits"):
  
actionpack (5.0.2) lib/action_dispatch/middleware/debug_exceptions.rb:53:in `call'
actionpack (5.0.2) lib/action_dispatch/middleware/show_exceptions.rb:31:in `call'
railties (5.0.2) lib/rails/rack/logger.rb:36:in `call_app'
railties (5.0.2) lib/rails/rack/logger.rb:24:in `block in call'
activesupport (5.0.2) lib/active_support/tagged_logging.rb:69:in `block in tagged'
activesupport (5.0.2) lib/active_support/tagged_logging.rb:26:in `tagged'
activesupport (5.0.2) lib/active_support/tagged_logging.rb:69:in `tagged'
railties (5.0.2) lib/rails/rack/logger.rb:24:in `call'
actionpack (5.0.2) lib/action_dispatch/middleware/request_id.rb:24:in `call'
rack (2.0.1) lib/rack/runtime.rb:22:in `call'
activesupport (5.0.2) lib/active_support/cache/strategy/local_cache_middleware.rb:28:in `call'
actionpack (5.0.2) lib/action_dispatch/middleware/executor.rb:12:in `call'
actionpack (5.0.2) lib/action_dispatch/middleware/static.rb:136:in `call'
rack (2.0.1) lib/rack/sendfile.rb:111:in `call'
railties (5.0.2) lib/rails/engine.rb:522:in `call'
puma (3.7.1) lib/puma/configuration.rb:232:in `call'
puma (3.7.1) lib/puma/server.rb:578:in `handle_request'
puma (3.7.1) lib/puma/server.rb:415:in `process_client'
puma (3.7.1) lib/puma/server.rb:275:in `block in run'
puma (3.7.1) lib/puma/thread_pool.rb:120:in `call'
puma (3.7.1) lib/puma/thread_pool.rb:120:in `block in spawn_thread'
Started GET "/favicon.ico" for ::1 at 2017-03-09 13:32:45 -0500
  
ActionController::RoutingError (No route matches [GET] "/favicon.ico"):
  
actionpack (5.0.2) lib/action_dispatch/middleware/debug_exceptions.rb:53:in `call'
actionpack (5.0.2) lib/action_dispatch/middleware/show_exceptions.rb:31:in `call'
railties (5.0.2) lib/rails/rack/logger.rb:36:in `call_app'
railties (5.0.2) lib/rails/rack/logger.rb:24:in `block in call'
activesupport (5.0.2) lib/active_support/tagged_logging.rb:69:in `block in tagged'
activesupport (5.0.2) lib/active_support/tagged_logging.rb:26:in `tagged'
activesupport (5.0.2) lib/active_support/tagged_logging.rb:69:in `tagged'
railties (5.0.2) lib/rails/rack/logger.rb:24:in `call'
actionpack (5.0.2) lib/action_dispatch/middleware/request_id.rb:24:in `call'
rack (2.0.1) lib/rack/runtime.rb:22:in `call'
activesupport (5.0.2) lib/active_support/cache/strategy/local_cache_middleware.rb:28:in `call'
actionpack (5.0.2) lib/action_dispatch/middleware/executor.rb:12:in `call'
actionpack (5.0.2) lib/action_dispatch/middleware/static.rb:136:in `call'
rack (2.0.1) lib/rack/sendfile.rb:111:in `call'
railties (5.0.2) lib/rails/engine.rb:522:in `call'
puma (3.7.1) lib/puma/configuration.rb:232:in `call'
puma (3.7.1) lib/puma/server.rb:578:in `handle_request'
puma (3.7.1) lib/puma/server.rb:415:in `process_client'
puma (3.7.1) lib/puma/server.rb:275:in `block in run'
puma (3.7.1) lib/puma/thread_pool.rb:120:in `call'
puma (3.7.1) lib/puma/thread_pool.rb:120:in `block in spawn_thread'
Started GET "/tidbits/index" for ::1 at 2017-03-09 13:36:11 -0500
Processing by TidbitsController#index as HTML
Completed 204 No Content in 2ms (ActiveRecord: 0.0ms)


Started GET "/tidbits/index" for ::1 at 2017-03-09 13:36:13 -0500
Processing by TidbitsController#index as HTML
Completed 204 No Content in 0ms (ActiveRecord: 0.0ms)


Started GET "/tidbits" for ::1 at 2017-03-09 13:36:25 -0500
  
ActionController::RoutingError (No route matches [GET] "/tidbits"):
  
actionpack (5.0.2) lib/action_dispatch/middleware/debug_exceptions.rb:53:in `call'
actionpack (5.0.2) lib/action_dispatch/middleware/show_exceptions.rb:31:in `call'
railties (5.0.2) lib/rails/rack/logger.rb:36:in `call_app'
railties (5.0.2) lib/rails/rack/logger.rb:24:in `block in call'
activesupport (5.0.2) lib/active_support/tagged_logging.rb:69:in `block in tagged'
activesupport (5.0.2) lib/active_support/tagged_logging.rb:26:in `tagged'
activesupport (5.0.2) lib/active_support/tagged_logging.rb:69:in `tagged'
railties (5.0.2) lib/rails/rack/logger.rb:24:in `call'
actionpack (5.0.2) lib/action_dispatch/middleware/request_id.rb:24:in `call'
rack (2.0.1) lib/rack/runtime.rb:22:in `call'
activesupport (5.0.2) lib/active_support/cache/strategy/local_cache_middleware.rb:28:in `call'
actionpack (5.0.2) lib/action_dispatch/middleware/executor.rb:12:in `call'
actionpack (5.0.2) lib/action_dispatch/middleware/static.rb:136:in `call'
rack (2.0.1) lib/rack/sendfile.rb:111:in `call'
railties (5.0.2) lib/rails/engine.rb:522:in `call'
puma (3.7.1) lib/puma/configuration.rb:232:in `call'
puma (3.7.1) lib/puma/server.rb:578:in `handle_request'
puma (3.7.1) lib/puma/server.rb:415:in `process_client'
puma (3.7.1) lib/puma/server.rb:275:in `block in run'
puma (3.7.1) lib/puma/thread_pool.rb:120:in `call'
puma (3.7.1) lib/puma/thread_pool.rb:120:in `block in spawn_thread'
Started GET "/tidbits" for ::1 at 2017-03-09 13:36:45 -0500
  
ActionController::RoutingError (No route matches [GET] "/tidbits"):
  
actionpack (5.0.2) lib/action_dispatch/middleware/debug_exceptions.rb:53:in `call'
actionpack (5.0.2) lib/action_dispatch/middleware/show_exceptions.rb:31:in `call'
railties (5.0.2) lib/rails/rack/logger.rb:36:in `call_app'
railties (5.0.2) lib/rails/rack/logger.rb:24:in `block in call'
activesupport (5.0.2) lib/active_support/tagged_logging.rb:69:in `block in tagged'
activesupport (5.0.2) lib/active_support/tagged_logging.rb:26:in `tagged'
activesupport (5.0.2) lib/active_support/tagged_logging.rb:69:in `tagged'
railties (5.0.2) lib/rails/rack/logger.rb:24:in `call'
actionpack (5.0.2) lib/action_dispatch/middleware/request_id.rb:24:in `call'
rack (2.0.1) lib/rack/runtime.rb:22:in `call'
activesupport (5.0.2) lib/active_support/cache/strategy/local_cache_middleware.rb:28:in `call'
actionpack (5.0.2) lib/action_dispatch/middleware/executor.rb:12:in `call'
actionpack (5.0.2) lib/action_dispatch/middleware/static.rb:136:in `call'
rack (2.0.1) lib/rack/sendfile.rb:111:in `call'
railties (5.0.2) lib/rails/engine.rb:522:in `call'
puma (3.7.1) lib/puma/configuration.rb:232:in `call'
puma (3.7.1) lib/puma/server.rb:578:in `handle_request'
puma (3.7.1) lib/puma/server.rb:415:in `process_client'
puma (3.7.1) lib/puma/server.rb:275:in `block in run'
puma (3.7.1) lib/puma/thread_pool.rb:120:in `call'
puma (3.7.1) lib/puma/thread_pool.rb:120:in `block in spawn_thread'
Started GET "/tidbits" for ::1 at 2017-03-09 13:37:15 -0500
Processing by TidbitsController#index as HTML
Completed 204 No Content in 2ms (ActiveRecord: 0.0ms)


Started GET "/tidbits" for ::1 at 2017-03-09 13:37:16 -0500
Processing by TidbitsController#index as HTML
Completed 204 No Content in 0ms (ActiveRecord: 0.0ms)


Started GET "/tidbits" for ::1 at 2017-03-09 13:37:26 -0500
Processing by TidbitsController#index as HTML
Completed 204 No Content in 0ms (ActiveRecord: 0.0ms)


Started GET "/tidbits" for ::1 at 2017-03-09 13:37:27 -0500
Processing by TidbitsController#index as HTML
Completed 204 No Content in 0ms (ActiveRecord: 0.0ms)


Started GET "/tidbits" for ::1 at 2017-03-09 13:37:33 -0500
  [1m[36mActiveRecord::SchemaMigration Load (0.5ms)[0m  [1m[34mSELECT "schema_migrations".* FROM "schema_migrations"[0m
Processing by TidbitsController#index as HTML
Completed 204 No Content in 2ms (ActiveRecord: 0.0ms)


Started GET "/tidbits" for ::1 at 2017-03-09 13:37:34 -0500
Processing by TidbitsController#index as HTML
Completed 204 No Content in 0ms (ActiveRecord: 0.0ms)


Started GET "/tidbits.json" for ::1 at 2017-03-09 13:37:41 -0500
Processing by TidbitsController#index as JSON
Completed 204 No Content in 0ms (ActiveRecord: 0.0ms)


Started GET "/tidbitsf" for ::1 at 2017-03-09 13:37:43 -0500
  
ActionController::RoutingError (No route matches [GET] "/tidbitsf"):
  
actionpack (5.0.2) lib/action_dispatch/middleware/debug_exceptions.rb:53:in `call'
actionpack (5.0.2) lib/action_dispatch/middleware/show_exceptions.rb:31:in `call'
railties (5.0.2) lib/rails/rack/logger.rb:36:in `call_app'
railties (5.0.2) lib/rails/rack/logger.rb:24:in `block in call'
activesupport (5.0.2) lib/active_support/tagged_logging.rb:69:in `block in tagged'
activesupport (5.0.2) lib/active_support/tagged_logging.rb:26:in `tagged'
activesupport (5.0.2) lib/active_support/tagged_logging.rb:69:in `tagged'
railties (5.0.2) lib/rails/rack/logger.rb:24:in `call'
actionpack (5.0.2) lib/action_dispatch/middleware/request_id.rb:24:in `call'
rack (2.0.1) lib/rack/runtime.rb:22:in `call'
activesupport (5.0.2) lib/active_support/cache/strategy/local_cache_middleware.rb:28:in `call'
actionpack (5.0.2) lib/action_dispatch/middleware/executor.rb:12:in `call'
actionpack (5.0.2) lib/action_dispatch/middleware/static.rb:136:in `call'
rack (2.0.1) lib/rack/sendfile.rb:111:in `call'
railties (5.0.2) lib/rails/engine.rb:522:in `call'
puma (3.7.1) lib/puma/configuration.rb:232:in `call'
puma (3.7.1) lib/puma/server.rb:578:in `handle_request'
puma (3.7.1) lib/puma/server.rb:415:in `process_client'
puma (3.7.1) lib/puma/server.rb:275:in `block in run'
puma (3.7.1) lib/puma/thread_pool.rb:120:in `call'
puma (3.7.1) lib/puma/thread_pool.rb:120:in `block in spawn_thread'
Started GET "/favicon.ico" for ::1 at 2017-03-09 13:37:43 -0500
  
ActionController::RoutingError (No route matches [GET] "/favicon.ico"):
  
actionpack (5.0.2) lib/action_dispatch/middleware/debug_exceptions.rb:53:in `call'
actionpack (5.0.2) lib/action_dispatch/middleware/show_exceptions.rb:31:in `call'
railties (5.0.2) lib/rails/rack/logger.rb:36:in `call_app'
railties (5.0.2) lib/rails/rack/logger.rb:24:in `block in call'
activesupport (5.0.2) lib/active_support/tagged_logging.rb:69:in `block in tagged'
activesupport (5.0.2) lib/active_support/tagged_logging.rb:26:in `tagged'
activesupport (5.0.2) lib/active_support/tagged_logging.rb:69:in `tagged'
railties (5.0.2) lib/rails/rack/logger.rb:24:in `call'
actionpack (5.0.2) lib/action_dispatch/middleware/request_id.rb:24:in `call'
rack (2.0.1) lib/rack/runtime.rb:22:in `call'
activesupport (5.0.2) lib/active_support/cache/strategy/local_cache_middleware.rb:28:in `call'
actionpack (5.0.2) lib/action_dispatch/middleware/executor.rb:12:in `call'
actionpack (5.0.2) lib/action_dispatch/middleware/static.rb:136:in `call'
rack (2.0.1) lib/rack/sendfile.rb:111:in `call'
railties (5.0.2) lib/rails/engine.rb:522:in `call'
puma (3.7.1) lib/puma/configuration.rb:232:in `call'
puma (3.7.1) lib/puma/server.rb:578:in `handle_request'
puma (3.7.1) lib/puma/server.rb:415:in `process_client'
puma (3.7.1) lib/puma/server.rb:275:in `block in run'
puma (3.7.1) lib/puma/thread_pool.rb:120:in `call'
puma (3.7.1) lib/puma/thread_pool.rb:120:in `block in spawn_thread'
Started GET "/tidbits" for ::1 at 2017-03-09 13:37:45 -0500
Processing by TidbitsController#index as HTML
Completed 204 No Content in 0ms (ActiveRecord: 0.0ms)


Started GET "/tidbitsf" for ::1 at 2017-03-09 13:39:04 -0500
  
ActionController::RoutingError (No route matches [GET] "/tidbitsf"):
  
actionpack (5.0.2) lib/action_dispatch/middleware/debug_exceptions.rb:53:in `call'
actionpack (5.0.2) lib/action_dispatch/middleware/show_exceptions.rb:31:in `call'
railties (5.0.2) lib/rails/rack/logger.rb:36:in `call_app'
railties (5.0.2) lib/rails/rack/logger.rb:24:in `block in call'
activesupport (5.0.2) lib/active_support/tagged_logging.rb:69:in `block in tagged'
activesupport (5.0.2) lib/active_support/tagged_logging.rb:26:in `tagged'
activesupport (5.0.2) lib/active_support/tagged_logging.rb:69:in `tagged'
railties (5.0.2) lib/rails/rack/logger.rb:24:in `call'
actionpack (5.0.2) lib/action_dispatch/middleware/request_id.rb:24:in `call'
rack (2.0.1) lib/rack/runtime.rb:22:in `call'
activesupport (5.0.2) lib/active_support/cache/strategy/local_cache_middleware.rb:28:in `call'
actionpack (5.0.2) lib/action_dispatch/middleware/executor.rb:12:in `call'
actionpack (5.0.2) lib/action_dispatch/middleware/static.rb:136:in `call'
rack (2.0.1) lib/rack/sendfile.rb:111:in `call'
railties (5.0.2) lib/rails/engine.rb:522:in `call'
puma (3.7.1) lib/puma/configuration.rb:232:in `call'
puma (3.7.1) lib/puma/server.rb:578:in `handle_request'
puma (3.7.1) lib/puma/server.rb:415:in `process_client'
puma (3.7.1) lib/puma/server.rb:275:in `block in run'
puma (3.7.1) lib/puma/thread_pool.rb:120:in `call'
puma (3.7.1) lib/puma/thread_pool.rb:120:in `block in spawn_thread'
Started GET "/tidbits" for ::1 at 2017-03-09 13:39:07 -0500
Processing by TidbitsController#index as HTML
Completed 204 No Content in 2ms (ActiveRecord: 0.0ms)


Started POST "/tidbits" for ::1 at 2017-03-09 13:39:16 -0500
Processing by TidbitsController#create as JSON
  Parameters: {"facebook_token"=>"EAACEdEose0cBABV0sGxvO3NoySYnWxEOYWHlC730hm2pemxwS3ZByuAG6NdJMfp9Rw4WZARSTbetzFhtWvmOIBZAZAuDqKZBCvsAAJiohtzPczpxjVZCdAoy76ZC7y8ZCN8dgnk0FgxI8n4azZCgPsq5ShYIZAkMWQQkZASNYXyBXLmXuiAY0RKgjON", "email"=>"jak1192@gmail.edu", "tidbit"=>{}}
Completed 400 Bad Request in 0ms (ActiveRecord: 3.3ms)


  
ActionController::ParameterMissing (param is missing or the value is empty: tidbit):
  
app/controllers/tidbits_controller.rb:16:in `tidbit_params'
app/controllers/tidbits_controller.rb:7:in `create'
Started POST "/tidbits" for ::1 at 2017-03-09 13:39:49 -0500
Processing by TidbitsController#create as JSON
  Parameters: {"tidbit"=>{"title"=>"Ruby is cool."}}
  [1m[35m (0.2ms)[0m  [1m[35mBEGIN[0m
  [1m[35mSQL (1.5ms)[0m  [1m[32mINSERT INTO "tidbits" ("title", "created_at", "updated_at") VALUES ($1, $2, $3) RETURNING "id"[0m  [["title", "Ruby is cool."], ["created_at", 2017-03-09 18:39:49 UTC], ["updated_at", 2017-03-09 18:39:49 UTC]]
  [1m[35m (0.4ms)[0m  [1m[35mCOMMIT[0m
Completed 200 OK in 16ms (Views: 0.2ms | ActiveRecord: 7.3ms)


Started GET "/tidbitsf" for ::1 at 2017-03-09 13:40:34 -0500
  
ActionController::RoutingError (No route matches [GET] "/tidbitsf"):
  
actionpack (5.0.2) lib/action_dispatch/middleware/debug_exceptions.rb:53:in `call'
actionpack (5.0.2) lib/action_dispatch/middleware/show_exceptions.rb:31:in `call'
railties (5.0.2) lib/rails/rack/logger.rb:36:in `call_app'
railties (5.0.2) lib/rails/rack/logger.rb:24:in `block in call'
activesupport (5.0.2) lib/active_support/tagged_logging.rb:69:in `block in tagged'
activesupport (5.0.2) lib/active_support/tagged_logging.rb:26:in `tagged'
activesupport (5.0.2) lib/active_support/tagged_logging.rb:69:in `tagged'
railties (5.0.2) lib/rails/rack/logger.rb:24:in `call'
actionpack (5.0.2) lib/action_dispatch/middleware/request_id.rb:24:in `call'
rack (2.0.1) lib/rack/runtime.rb:22:in `call'
activesupport (5.0.2) lib/active_support/cache/strategy/local_cache_middleware.rb:28:in `call'
actionpack (5.0.2) lib/action_dispatch/middleware/executor.rb:12:in `call'
actionpack (5.0.2) lib/action_dispatch/middleware/static.rb:136:in `call'
rack (2.0.1) lib/rack/sendfile.rb:111:in `call'
railties (5.0.2) lib/rails/engine.rb:522:in `call'
puma (3.7.1) lib/puma/configuration.rb:232:in `call'
puma (3.7.1) lib/puma/server.rb:578:in `handle_request'
puma (3.7.1) lib/puma/server.rb:415:in `process_client'
puma (3.7.1) lib/puma/server.rb:275:in `block in run'
puma (3.7.1) lib/puma/thread_pool.rb:120:in `call'
puma (3.7.1) lib/puma/thread_pool.rb:120:in `block in spawn_thread'
Started POST "/tidbits" for ::1 at 2017-03-09 13:40:37 -0500
Processing by TidbitsController#create as JSON
  Parameters: {"tidbit"=>{"title"=>"Ruby is cool."}}
  [1m[35m (0.1ms)[0m  [1m[35mBEGIN[0m
  [1m[35mSQL (0.4ms)[0m  [1m[32mINSERT INTO "tidbits" ("title", "created_at", "updated_at") VALUES ($1, $2, $3) RETURNING "id"[0m  [["title", "Ruby is cool."], ["created_at", 2017-03-09 18:40:37 UTC], ["updated_at", 2017-03-09 18:40:37 UTC]]
  [1m[35m (0.3ms)[0m  [1m[35mCOMMIT[0m
Completed 200 OK in 3ms (Views: 0.1ms | ActiveRecord: 0.8ms)


Started GET "/tidbits" for ::1 at 2017-03-09 13:41:37 -0500
Processing by TidbitsController#index as JSON
  Parameters: {"tidbit"=>{}}
Completed 204 No Content in 0ms (ActiveRecord: 0.0ms)


Started GET "/tidbitsf" for ::1 at 2017-03-09 13:42:25 -0500
  
ActionController::RoutingError (No route matches [GET] "/tidbitsf"):
  
actionpack (5.0.2) lib/action_dispatch/middleware/debug_exceptions.rb:53:in `call'
actionpack (5.0.2) lib/action_dispatch/middleware/show_exceptions.rb:31:in `call'
railties (5.0.2) lib/rails/rack/logger.rb:36:in `call_app'
railties (5.0.2) lib/rails/rack/logger.rb:24:in `block in call'
activesupport (5.0.2) lib/active_support/tagged_logging.rb:69:in `block in tagged'
activesupport (5.0.2) lib/active_support/tagged_logging.rb:26:in `tagged'
activesupport (5.0.2) lib/active_support/tagged_logging.rb:69:in `tagged'
railties (5.0.2) lib/rails/rack/logger.rb:24:in `call'
actionpack (5.0.2) lib/action_dispatch/middleware/request_id.rb:24:in `call'
rack (2.0.1) lib/rack/runtime.rb:22:in `call'
activesupport (5.0.2) lib/active_support/cache/strategy/local_cache_middleware.rb:28:in `call'
actionpack (5.0.2) lib/action_dispatch/middleware/executor.rb:12:in `call'
actionpack (5.0.2) lib/action_dispatch/middleware/static.rb:136:in `call'
rack (2.0.1) lib/rack/sendfile.rb:111:in `call'
railties (5.0.2) lib/rails/engine.rb:522:in `call'
puma (3.7.1) lib/puma/configuration.rb:232:in `call'
puma (3.7.1) lib/puma/server.rb:578:in `handle_request'
puma (3.7.1) lib/puma/server.rb:415:in `process_client'
puma (3.7.1) lib/puma/server.rb:275:in `block in run'
puma (3.7.1) lib/puma/thread_pool.rb:120:in `call'
puma (3.7.1) lib/puma/thread_pool.rb:120:in `block in spawn_thread'
  [1m[36mTidbit Load (0.6ms)[0m  [1m[34mSELECT "tidbits".* FROM "tidbits"[0m
Started GET "/tidbitsf" for ::1 at 2017-03-09 13:44:03 -0500
  
ActionController::RoutingError (No route matches [GET] "/tidbitsf"):
  
actionpack (5.0.2) lib/action_dispatch/middleware/debug_exceptions.rb:53:in `call'
actionpack (5.0.2) lib/action_dispatch/middleware/show_exceptions.rb:31:in `call'
railties (5.0.2) lib/rails/rack/logger.rb:36:in `call_app'
railties (5.0.2) lib/rails/rack/logger.rb:24:in `block in call'
activesupport (5.0.2) lib/active_support/tagged_logging.rb:69:in `block in tagged'
activesupport (5.0.2) lib/active_support/tagged_logging.rb:26:in `tagged'
activesupport (5.0.2) lib/active_support/tagged_logging.rb:69:in `tagged'
railties (5.0.2) lib/rails/rack/logger.rb:24:in `call'
actionpack (5.0.2) lib/action_dispatch/middleware/request_id.rb:24:in `call'
rack (2.0.1) lib/rack/runtime.rb:22:in `call'
activesupport (5.0.2) lib/active_support/cache/strategy/local_cache_middleware.rb:28:in `call'
actionpack (5.0.2) lib/action_dispatch/middleware/executor.rb:12:in `call'
actionpack (5.0.2) lib/action_dispatch/middleware/static.rb:136:in `call'
rack (2.0.1) lib/rack/sendfile.rb:111:in `call'
railties (5.0.2) lib/rails/engine.rb:522:in `call'
puma (3.7.1) lib/puma/configuration.rb:232:in `call'
puma (3.7.1) lib/puma/server.rb:578:in `handle_request'
puma (3.7.1) lib/puma/server.rb:415:in `process_client'
puma (3.7.1) lib/puma/server.rb:275:in `block in run'
puma (3.7.1) lib/puma/thread_pool.rb:120:in `call'
puma (3.7.1) lib/puma/thread_pool.rb:120:in `block in spawn_thread'
Started GET "/tidbitsf" for ::1 at 2017-03-09 13:44:04 -0500
  
ActionController::RoutingError (No route matches [GET] "/tidbitsf"):
  
actionpack (5.0.2) lib/action_dispatch/middleware/debug_exceptions.rb:53:in `call'
actionpack (5.0.2) lib/action_dispatch/middleware/show_exceptions.rb:31:in `call'
railties (5.0.2) lib/rails/rack/logger.rb:36:in `call_app'
railties (5.0.2) lib/rails/rack/logger.rb:24:in `block in call'
activesupport (5.0.2) lib/active_support/tagged_logging.rb:69:in `block in tagged'
activesupport (5.0.2) lib/active_support/tagged_logging.rb:26:in `tagged'
activesupport (5.0.2) lib/active_support/tagged_logging.rb:69:in `tagged'
railties (5.0.2) lib/rails/rack/logger.rb:24:in `call'
actionpack (5.0.2) lib/action_dispatch/middleware/request_id.rb:24:in `call'
rack (2.0.1) lib/rack/runtime.rb:22:in `call'
activesupport (5.0.2) lib/active_support/cache/strategy/local_cache_middleware.rb:28:in `call'
actionpack (5.0.2) lib/action_dispatch/middleware/executor.rb:12:in `call'
actionpack (5.0.2) lib/action_dispatch/middleware/static.rb:136:in `call'
rack (2.0.1) lib/rack/sendfile.rb:111:in `call'
railties (5.0.2) lib/rails/engine.rb:522:in `call'
puma (3.7.1) lib/puma/configuration.rb:232:in `call'
puma (3.7.1) lib/puma/server.rb:578:in `handle_request'
puma (3.7.1) lib/puma/server.rb:415:in `process_client'
puma (3.7.1) lib/puma/server.rb:275:in `block in run'
puma (3.7.1) lib/puma/thread_pool.rb:120:in `call'
puma (3.7.1) lib/puma/thread_pool.rb:120:in `block in spawn_thread'
Started GET "/tidbitsf" for ::1 at 2017-03-09 13:44:05 -0500
  
ActionController::RoutingError (No route matches [GET] "/tidbitsf"):
  
actionpack (5.0.2) lib/action_dispatch/middleware/debug_exceptions.rb:53:in `call'
actionpack (5.0.2) lib/action_dispatch/middleware/show_exceptions.rb:31:in `call'
railties (5.0.2) lib/rails/rack/logger.rb:36:in `call_app'
railties (5.0.2) lib/rails/rack/logger.rb:24:in `block in call'
activesupport (5.0.2) lib/active_support/tagged_logging.rb:69:in `block in tagged'
activesupport (5.0.2) lib/active_support/tagged_logging.rb:26:in `tagged'
activesupport (5.0.2) lib/active_support/tagged_logging.rb:69:in `tagged'
railties (5.0.2) lib/rails/rack/logger.rb:24:in `call'
actionpack (5.0.2) lib/action_dispatch/middleware/request_id.rb:24:in `call'
rack (2.0.1) lib/rack/runtime.rb:22:in `call'
activesupport (5.0.2) lib/active_support/cache/strategy/local_cache_middleware.rb:28:in `call'
actionpack (5.0.2) lib/action_dispatch/middleware/executor.rb:12:in `call'
actionpack (5.0.2) lib/action_dispatch/middleware/static.rb:136:in `call'
rack (2.0.1) lib/rack/sendfile.rb:111:in `call'
railties (5.0.2) lib/rails/engine.rb:522:in `call'
puma (3.7.1) lib/puma/configuration.rb:232:in `call'
puma (3.7.1) lib/puma/server.rb:578:in `handle_request'
puma (3.7.1) lib/puma/server.rb:415:in `process_client'
puma (3.7.1) lib/puma/server.rb:275:in `block in run'
puma (3.7.1) lib/puma/thread_pool.rb:120:in `call'
puma (3.7.1) lib/puma/thread_pool.rb:120:in `block in spawn_thread'
Started GET "/tidbitsf" for ::1 at 2017-03-09 13:44:06 -0500
  
ActionController::RoutingError (No route matches [GET] "/tidbitsf"):
  
actionpack (5.0.2) lib/action_dispatch/middleware/debug_exceptions.rb:53:in `call'
actionpack (5.0.2) lib/action_dispatch/middleware/show_exceptions.rb:31:in `call'
railties (5.0.2) lib/rails/rack/logger.rb:36:in `call_app'
railties (5.0.2) lib/rails/rack/logger.rb:24:in `block in call'
activesupport (5.0.2) lib/active_support/tagged_logging.rb:69:in `block in tagged'
activesupport (5.0.2) lib/active_support/tagged_logging.rb:26:in `tagged'
activesupport (5.0.2) lib/active_support/tagged_logging.rb:69:in `tagged'
railties (5.0.2) lib/rails/rack/logger.rb:24:in `call'
actionpack (5.0.2) lib/action_dispatch/middleware/request_id.rb:24:in `call'
rack (2.0.1) lib/rack/runtime.rb:22:in `call'
activesupport (5.0.2) lib/active_support/cache/strategy/local_cache_middleware.rb:28:in `call'
actionpack (5.0.2) lib/action_dispatch/middleware/executor.rb:12:in `call'
actionpack (5.0.2) lib/action_dispatch/middleware/static.rb:136:in `call'
rack (2.0.1) lib/rack/sendfile.rb:111:in `call'
railties (5.0.2) lib/rails/engine.rb:522:in `call'
puma (3.7.1) lib/puma/configuration.rb:232:in `call'
puma (3.7.1) lib/puma/server.rb:578:in `handle_request'
puma (3.7.1) lib/puma/server.rb:415:in `process_client'
puma (3.7.1) lib/puma/server.rb:275:in `block in run'
puma (3.7.1) lib/puma/thread_pool.rb:120:in `call'
puma (3.7.1) lib/puma/thread_pool.rb:120:in `block in spawn_thread'
Started GET "/favicon.ico" for ::1 at 2017-03-09 13:44:06 -0500
  
ActionController::RoutingError (No route matches [GET] "/favicon.ico"):
  
actionpack (5.0.2) lib/action_dispatch/middleware/debug_exceptions.rb:53:in `call'
actionpack (5.0.2) lib/action_dispatch/middleware/show_exceptions.rb:31:in `call'
railties (5.0.2) lib/rails/rack/logger.rb:36:in `call_app'
railties (5.0.2) lib/rails/rack/logger.rb:24:in `block in call'
activesupport (5.0.2) lib/active_support/tagged_logging.rb:69:in `block in tagged'
activesupport (5.0.2) lib/active_support/tagged_logging.rb:26:in `tagged'
activesupport (5.0.2) lib/active_support/tagged_logging.rb:69:in `tagged'
railties (5.0.2) lib/rails/rack/logger.rb:24:in `call'
actionpack (5.0.2) lib/action_dispatch/middleware/request_id.rb:24:in `call'
rack (2.0.1) lib/rack/runtime.rb:22:in `call'
activesupport (5.0.2) lib/active_support/cache/strategy/local_cache_middleware.rb:28:in `call'
actionpack (5.0.2) lib/action_dispatch/middleware/executor.rb:12:in `call'
actionpack (5.0.2) lib/action_dispatch/middleware/static.rb:136:in `call'
rack (2.0.1) lib/rack/sendfile.rb:111:in `call'
railties (5.0.2) lib/rails/engine.rb:522:in `call'
puma (3.7.1) lib/puma/configuration.rb:232:in `call'
puma (3.7.1) lib/puma/server.rb:578:in `handle_request'
puma (3.7.1) lib/puma/server.rb:415:in `process_client'
puma (3.7.1) lib/puma/server.rb:275:in `block in run'
puma (3.7.1) lib/puma/thread_pool.rb:120:in `call'
puma (3.7.1) lib/puma/thread_pool.rb:120:in `block in spawn_thread'
Started GET "/tidbitsf" for ::1 at 2017-03-09 13:44:06 -0500
  
ActionController::RoutingError (No route matches [GET] "/tidbitsf"):
  
actionpack (5.0.2) lib/action_dispatch/middleware/debug_exceptions.rb:53:in `call'
actionpack (5.0.2) lib/action_dispatch/middleware/show_exceptions.rb:31:in `call'
railties (5.0.2) lib/rails/rack/logger.rb:36:in `call_app'
railties (5.0.2) lib/rails/rack/logger.rb:24:in `block in call'
activesupport (5.0.2) lib/active_support/tagged_logging.rb:69:in `block in tagged'
activesupport (5.0.2) lib/active_support/tagged_logging.rb:26:in `tagged'
activesupport (5.0.2) lib/active_support/tagged_logging.rb:69:in `tagged'
railties (5.0.2) lib/rails/rack/logger.rb:24:in `call'
actionpack (5.0.2) lib/action_dispatch/middleware/request_id.rb:24:in `call'
rack (2.0.1) lib/rack/runtime.rb:22:in `call'
activesupport (5.0.2) lib/active_support/cache/strategy/local_cache_middleware.rb:28:in `call'
actionpack (5.0.2) lib/action_dispatch/middleware/executor.rb:12:in `call'
actionpack (5.0.2) lib/action_dispatch/middleware/static.rb:136:in `call'
rack (2.0.1) lib/rack/sendfile.rb:111:in `call'
railties (5.0.2) lib/rails/engine.rb:522:in `call'
puma (3.7.1) lib/puma/configuration.rb:232:in `call'
puma (3.7.1) lib/puma/server.rb:578:in `handle_request'
puma (3.7.1) lib/puma/server.rb:415:in `process_client'
puma (3.7.1) lib/puma/server.rb:275:in `block in run'
puma (3.7.1) lib/puma/thread_pool.rb:120:in `call'
puma (3.7.1) lib/puma/thread_pool.rb:120:in `block in spawn_thread'
Started GET "/favicon.ico" for ::1 at 2017-03-09 13:44:06 -0500
  
ActionController::RoutingError (No route matches [GET] "/favicon.ico"):
  
actionpack (5.0.2) lib/action_dispatch/middleware/debug_exceptions.rb:53:in `call'
actionpack (5.0.2) lib/action_dispatch/middleware/show_exceptions.rb:31:in `call'
railties (5.0.2) lib/rails/rack/logger.rb:36:in `call_app'
railties (5.0.2) lib/rails/rack/logger.rb:24:in `block in call'
activesupport (5.0.2) lib/active_support/tagged_logging.rb:69:in `block in tagged'
activesupport (5.0.2) lib/active_support/tagged_logging.rb:26:in `tagged'
activesupport (5.0.2) lib/active_support/tagged_logging.rb:69:in `tagged'
railties (5.0.2) lib/rails/rack/logger.rb:24:in `call'
actionpack (5.0.2) lib/action_dispatch/middleware/request_id.rb:24:in `call'
rack (2.0.1) lib/rack/runtime.rb:22:in `call'
activesupport (5.0.2) lib/active_support/cache/strategy/local_cache_middleware.rb:28:in `call'
actionpack (5.0.2) lib/action_dispatch/middleware/executor.rb:12:in `call'
actionpack (5.0.2) lib/action_dispatch/middleware/static.rb:136:in `call'
rack (2.0.1) lib/rack/sendfile.rb:111:in `call'
railties (5.0.2) lib/rails/engine.rb:522:in `call'
puma (3.7.1) lib/puma/configuration.rb:232:in `call'
puma (3.7.1) lib/puma/server.rb:578:in `handle_request'
puma (3.7.1) lib/puma/server.rb:415:in `process_client'
puma (3.7.1) lib/puma/server.rb:275:in `block in run'
puma (3.7.1) lib/puma/thread_pool.rb:120:in `call'
puma (3.7.1) lib/puma/thread_pool.rb:120:in `block in spawn_thread'
Started GET "/tidbits" for ::1 at 2017-03-09 13:44:10 -0500
Processing by TidbitsController#index as JSON
  Parameters: {"tidbit"=>{}}
Completed 200 OK in 1ms (Views: 0.1ms | ActiveRecord: 3.8ms)


Started GET "/tidbits" for ::1 at 2017-03-09 13:44:11 -0500
Processing by TidbitsController#index as JSON
  Parameters: {"tidbit"=>{}}
Completed 200 OK in 0ms (Views: 0.1ms | ActiveRecord: 0.0ms)


Started GET "/tidbitsf" for ::1 at 2017-03-09 13:44:45 -0500
  [1m[36mActiveRecord::SchemaMigration Load (0.6ms)[0m  [1m[34mSELECT "schema_migrations".* FROM "schema_migrations"[0m
  
ActionController::RoutingError (No route matches [GET] "/tidbitsf"):
  
actionpack (5.0.2) lib/action_dispatch/middleware/debug_exceptions.rb:53:in `call'
actionpack (5.0.2) lib/action_dispatch/middleware/show_exceptions.rb:31:in `call'
railties (5.0.2) lib/rails/rack/logger.rb:36:in `call_app'
railties (5.0.2) lib/rails/rack/logger.rb:24:in `block in call'
activesupport (5.0.2) lib/active_support/tagged_logging.rb:69:in `block in tagged'
activesupport (5.0.2) lib/active_support/tagged_logging.rb:26:in `tagged'
activesupport (5.0.2) lib/active_support/tagged_logging.rb:69:in `tagged'
railties (5.0.2) lib/rails/rack/logger.rb:24:in `call'
actionpack (5.0.2) lib/action_dispatch/middleware/request_id.rb:24:in `call'
rack (2.0.1) lib/rack/runtime.rb:22:in `call'
activesupport (5.0.2) lib/active_support/cache/strategy/local_cache_middleware.rb:28:in `call'
actionpack (5.0.2) lib/action_dispatch/middleware/executor.rb:12:in `call'
actionpack (5.0.2) lib/action_dispatch/middleware/static.rb:136:in `call'
rack (2.0.1) lib/rack/sendfile.rb:111:in `call'
railties (5.0.2) lib/rails/engine.rb:522:in `call'
puma (3.7.1) lib/puma/configuration.rb:232:in `call'
puma (3.7.1) lib/puma/server.rb:578:in `handle_request'
puma (3.7.1) lib/puma/server.rb:415:in `process_client'
puma (3.7.1) lib/puma/server.rb:275:in `block in run'
puma (3.7.1) lib/puma/thread_pool.rb:120:in `call'
puma (3.7.1) lib/puma/thread_pool.rb:120:in `block in spawn_thread'
Started GET "/tidbitsf" for ::1 at 2017-03-09 13:48:16 -0500
  
ActionController::RoutingError (No route matches [GET] "/tidbitsf"):
  
actionpack (5.0.2) lib/action_dispatch/middleware/debug_exceptions.rb:53:in `call'
actionpack (5.0.2) lib/action_dispatch/middleware/show_exceptions.rb:31:in `call'
railties (5.0.2) lib/rails/rack/logger.rb:36:in `call_app'
railties (5.0.2) lib/rails/rack/logger.rb:24:in `block in call'
activesupport (5.0.2) lib/active_support/tagged_logging.rb:69:in `block in tagged'
activesupport (5.0.2) lib/active_support/tagged_logging.rb:26:in `tagged'
activesupport (5.0.2) lib/active_support/tagged_logging.rb:69:in `tagged'
railties (5.0.2) lib/rails/rack/logger.rb:24:in `call'
actionpack (5.0.2) lib/action_dispatch/middleware/request_id.rb:24:in `call'
rack (2.0.1) lib/rack/runtime.rb:22:in `call'
activesupport (5.0.2) lib/active_support/cache/strategy/local_cache_middleware.rb:28:in `call'
actionpack (5.0.2) lib/action_dispatch/middleware/executor.rb:12:in `call'
actionpack (5.0.2) lib/action_dispatch/middleware/static.rb:136:in `call'
rack (2.0.1) lib/rack/sendfile.rb:111:in `call'
railties (5.0.2) lib/rails/engine.rb:522:in `call'
puma (3.7.1) lib/puma/configuration.rb:232:in `call'
puma (3.7.1) lib/puma/server.rb:578:in `handle_request'
puma (3.7.1) lib/puma/server.rb:415:in `process_client'
puma (3.7.1) lib/puma/server.rb:275:in `block in run'
puma (3.7.1) lib/puma/thread_pool.rb:120:in `call'
puma (3.7.1) lib/puma/thread_pool.rb:120:in `block in spawn_thread'
Started GET "/tidbits" for ::1 at 2017-03-09 13:48:32 -0500
Processing by TidbitsController#index as JSON
  Parameters: {"tidbit"=>{}}
  [1m[36mTidbit Load (1.6ms)[0m  [1m[34mSELECT "tidbits".* FROM "tidbits" ORDER BY "tidbits"."created_at" DESC[0m
Completed 200 OK in 13ms (Views: 7.8ms | ActiveRecord: 10.9ms)


Started GET "/tidbits" for ::1 at 2017-03-09 13:48:34 -0500
Processing by TidbitsController#index as JSON
  Parameters: {"tidbit"=>{}}
  [1m[36mTidbit Load (1.7ms)[0m  [1m[34mSELECT "tidbits".* FROM "tidbits" ORDER BY "tidbits"."created_at" DESC[0m
Completed 200 OK in 5ms (Views: 2.7ms | ActiveRecord: 1.7ms)


Started GET "/tidbits" for ::1 at 2017-03-09 13:48:35 -0500
Processing by TidbitsController#index as JSON
  Parameters: {"tidbit"=>{}}
  [1m[36mTidbit Load (0.4ms)[0m  [1m[34mSELECT "tidbits".* FROM "tidbits" ORDER BY "tidbits"."created_at" DESC[0m
Completed 200 OK in 2ms (Views: 1.4ms | ActiveRecord: 0.4ms)


Started GET "/tidbits" for ::1 at 2017-03-09 13:48:35 -0500
Processing by TidbitsController#index as JSON
  Parameters: {"tidbit"=>{}}
  [1m[36mTidbit Load (0.4ms)[0m  [1m[34mSELECT "tidbits".* FROM "tidbits" ORDER BY "tidbits"."created_at" DESC[0m
Completed 200 OK in 2ms (Views: 1.3ms | ActiveRecord: 0.4ms)


Started GET "/tidbits" for ::1 at 2017-03-09 13:48:36 -0500
Processing by TidbitsController#index as JSON
  Parameters: {"tidbit"=>{}}
  [1m[36mTidbit Load (0.4ms)[0m  [1m[34mSELECT "tidbits".* FROM "tidbits" ORDER BY "tidbits"."created_at" DESC[0m
Completed 200 OK in 2ms (Views: 1.1ms | ActiveRecord: 0.4ms)


Started GET "/tidbits" for ::1 at 2017-03-09 13:48:36 -0500
Processing by TidbitsController#index as JSON
  Parameters: {"tidbit"=>{}}
  [1m[36mTidbit Load (0.6ms)[0m  [1m[34mSELECT "tidbits".* FROM "tidbits" ORDER BY "tidbits"."created_at" DESC[0m
Completed 200 OK in 3ms (Views: 1.6ms | ActiveRecord: 0.6ms)


Started GET "/tidbits" for ::1 at 2017-03-09 13:48:36 -0500
Processing by TidbitsController#index as JSON
  Parameters: {"tidbit"=>{}}
  [1m[36mTidbit Load (0.4ms)[0m  [1m[34mSELECT "tidbits".* FROM "tidbits" ORDER BY "tidbits"."created_at" DESC[0m
Completed 200 OK in 2ms (Views: 1.4ms | ActiveRecord: 0.4ms)


Started GET "/tidbits" for ::1 at 2017-03-09 13:48:54 -0500
Processing by TidbitsController#index as JSON
  Parameters: {"tidbit"=>{}}
Completed 204 No Content in 1ms (ActiveRecord: 2.7ms)


Started GET "/tidbits" for ::1 at 2017-03-09 13:48:55 -0500
Processing by TidbitsController#index as JSON
  Parameters: {"tidbit"=>{}}
Completed 204 No Content in 0ms (ActiveRecord: 0.0ms)


Started GET "/tidbits" for ::1 at 2017-03-09 13:51:13 -0500
  [1m[36mActiveRecord::SchemaMigration Load (0.5ms)[0m  [1m[34mSELECT "schema_migrations".* FROM "schema_migrations"[0m
Processing by TidbitsController#index as JSON
  Parameters: {"tidbit"=>{}}
Completed 204 No Content in 0ms (ActiveRecord: 2.4ms)


Started GET "/tidbits" for ::1 at 2017-03-09 13:51:14 -0500
Processing by TidbitsController#index as JSON
  Parameters: {"tidbit"=>{}}
Completed 204 No Content in 0ms (ActiveRecord: 0.0ms)


Started GET "/tidbits" for ::1 at 2017-03-09 13:51:15 -0500
Processing by TidbitsController#index as JSON
  Parameters: {"tidbit"=>{}}
Completed 204 No Content in 0ms (ActiveRecord: 0.0ms)


Started GET "/tidbits" for ::1 at 2017-03-09 13:51:31 -0500
Processing by TidbitsController#index as JSON
  Parameters: {"tidbit"=>{}}
Completed 200 OK in 1ms (Views: 0.2ms | ActiveRecord: 0.0ms)


Started GET "/tidbitsf" for ::1 at 2017-03-09 13:51:46 -0500
  
ActionController::RoutingError (No route matches [GET] "/tidbitsf"):
  
actionpack (5.0.2) lib/action_dispatch/middleware/debug_exceptions.rb:53:in `call'
actionpack (5.0.2) lib/action_dispatch/middleware/show_exceptions.rb:31:in `call'
railties (5.0.2) lib/rails/rack/logger.rb:36:in `call_app'
railties (5.0.2) lib/rails/rack/logger.rb:24:in `block in call'
activesupport (5.0.2) lib/active_support/tagged_logging.rb:69:in `block in tagged'
activesupport (5.0.2) lib/active_support/tagged_logging.rb:26:in `tagged'
activesupport (5.0.2) lib/active_support/tagged_logging.rb:69:in `tagged'
railties (5.0.2) lib/rails/rack/logger.rb:24:in `call'
actionpack (5.0.2) lib/action_dispatch/middleware/request_id.rb:24:in `call'
rack (2.0.1) lib/rack/runtime.rb:22:in `call'
activesupport (5.0.2) lib/active_support/cache/strategy/local_cache_middleware.rb:28:in `call'
actionpack (5.0.2) lib/action_dispatch/middleware/executor.rb:12:in `call'
actionpack (5.0.2) lib/action_dispatch/middleware/static.rb:136:in `call'
rack (2.0.1) lib/rack/sendfile.rb:111:in `call'
railties (5.0.2) lib/rails/engine.rb:522:in `call'
puma (3.7.1) lib/puma/configuration.rb:232:in `call'
puma (3.7.1) lib/puma/server.rb:578:in `handle_request'
puma (3.7.1) lib/puma/server.rb:415:in `process_client'
puma (3.7.1) lib/puma/server.rb:275:in `block in run'
puma (3.7.1) lib/puma/thread_pool.rb:120:in `call'
puma (3.7.1) lib/puma/thread_pool.rb:120:in `block in spawn_thread'
Started GET "/tidbits" for ::1 at 2017-03-09 13:51:47 -0500
Processing by TidbitsController#index as HTML
Completed 200 OK in 0ms (Views: 0.1ms | ActiveRecord: 0.0ms)


Started GET "/tidbits" for ::1 at 2017-03-09 13:51:48 -0500
Processing by TidbitsController#index as HTML
Completed 200 OK in 0ms (Views: 0.1ms | ActiveRecord: 0.0ms)


Started GET "/tidbits" for ::1 at 2017-03-09 13:51:55 -0500
Processing by TidbitsController#index as HTML
Completed 200 OK in 1ms (Views: 0.1ms | ActiveRecord: 0.0ms)


Started GET "/tidbits" for ::1 at 2017-03-09 13:52:03 -0500
Processing by TidbitsController#index as JSON
  Parameters: {"tidbit"=>{}}
Completed 200 OK in 0ms (Views: 0.1ms | ActiveRecord: 0.0ms)


Started GET "/tidbits" for ::1 at 2017-03-09 13:52:05 -0500
Processing by TidbitsController#index as JSON
  Parameters: {"tidbit"=>{}}
Completed 200 OK in 0ms (Views: 0.1ms | ActiveRecord: 0.0ms)


Started GET "/tidbits" for ::1 at 2017-03-09 13:52:17 -0500
Processing by TidbitsController#index as JSON
  Parameters: {"tidbit"=>{}}
Completed 200 OK in 1ms (Views: 0.1ms | ActiveRecord: 0.0ms)


Started GET "/tidbits" for ::1 at 2017-03-09 13:58:23 -0500
  [1m[36mActiveRecord::SchemaMigration Load (0.5ms)[0m  [1m[34mSELECT "schema_migrations".* FROM "schema_migrations"[0m
Processing by TidbitsController#index as HTML
Completed 200 OK in 2ms (Views: 0.1ms | ActiveRecord: 0.0ms)


Started GET "/tidbits" for ::1 at 2017-03-09 13:58:39 -0500
Started GET "/tidbits" for ::1 at 2017-03-09 13:58:49 -0500
Started GET "/tidbits" for ::1 at 2017-03-09 13:58:49 -0500
Processing by TidbitsController#index as HTML
Completed 500 Internal Server Error in 2ms (Views: 0.1ms | ActiveRecord: 0.0ms)


  
AbstractController::DoubleRenderError (Render and/or redirect were called multiple times in this action. Please note that you may only call render OR redirect, and at most once per action. Also note that neither redirect nor render terminate execution of the action, so if you want to exit an action after redirecting, you need to do something like "redirect_to(...) and return".):
  
app/controllers/tidbits_controller.rb:6:in `index'
Processing by TidbitsController#index as HTML
Completed 500 Internal Server Error in 3ms (Views: 0.1ms | ActiveRecord: 0.0ms)


  
AbstractController::DoubleRenderError (Render and/or redirect were called multiple times in this action. Please note that you may only call render OR redirect, and at most once per action. Also note that neither redirect nor render terminate execution of the action, so if you want to exit an action after redirecting, you need to do something like "redirect_to(...) and return".):
  
app/controllers/tidbits_controller.rb:6:in `index'
Processing by TidbitsController#index as JSON
  Parameters: {"tidbit"=>{}}
Completed 500 Internal Server Error in 1ms (Views: 0.1ms | ActiveRecord: 44.3ms)


  
AbstractController::DoubleRenderError (Render and/or redirect were called multiple times in this action. Please note that you may only call render OR redirect, and at most once per action. Also note that neither redirect nor render terminate execution of the action, so if you want to exit an action after redirecting, you need to do something like "redirect_to(...) and return".):
  
app/controllers/tidbits_controller.rb:6:in `index'
Started GET "/tidbits" for ::1 at 2017-03-09 13:59:10 -0500
Processing by TidbitsController#index as JSON
  Parameters: {"tidbit"=>{}}
  [1m[36mTidbit Load (1.0ms)[0m  [1m[34mSELECT "tidbits".* FROM "tidbits" ORDER BY "tidbits"."created_at" DESC[0m
[active_model_serializers] Rendered ActiveModel::Serializer::CollectionSerializer with ActiveModelSerializers::Adapter::Attributes (0.54ms)
Completed 200 OK in 20ms (Views: 15.4ms | ActiveRecord: 7.0ms)


Started GET "/tidbits" for ::1 at 2017-03-09 13:59:11 -0500
Processing by TidbitsController#index as JSON
  Parameters: {"tidbit"=>{}}
  [1m[36mTidbit Load (1.0ms)[0m  [1m[34mSELECT "tidbits".* FROM "tidbits" ORDER BY "tidbits"."created_at" DESC[0m
[active_model_serializers] Rendered ActiveModel::Serializer::CollectionSerializer with ActiveModelSerializers::Adapter::Attributes (0.33ms)
Completed 200 OK in 3ms (Views: 1.7ms | ActiveRecord: 1.0ms)


Started POST "/tidbits" for ::1 at 2017-03-09 13:59:56 -0500
Processing by TidbitsController#create as JSON
  Parameters: {"tidbit"=>{"source"=>"www.yahoo.com", "title"=>"Rails is cool."}}
  [1m[35m (0.1ms)[0m  [1m[35mBEGIN[0m
  [1m[35mSQL (0.6ms)[0m  [1m[32mINSERT INTO "tidbits" ("title", "source", "created_at", "updated_at") VALUES ($1, $2, $3, $4) RETURNING "id"[0m  [["title", "Rails is cool."], ["source", "www.yahoo.com"], ["created_at", 2017-03-09 18:59:56 UTC], ["updated_at", 2017-03-09 18:59:56 UTC]]
  [1m[35m (0.2ms)[0m  [1m[35mCOMMIT[0m
[active_model_serializers] Rendered TidbitSerializer with ActiveModelSerializers::Adapter::Attributes (0.16ms)
Completed 200 OK in 17ms (Views: 1.3ms | ActiveRecord: 6.2ms)


Started GET "/tidbits" for ::1 at 2017-03-09 14:00:58 -0500
Processing by TidbitsController#index as HTML
  [1m[36mTidbit Load (0.4ms)[0m  [1m[34mSELECT "tidbits".* FROM "tidbits" ORDER BY "tidbits"."created_at" DESC[0m
[active_model_serializers] Rendered ActiveModel::Serializer::CollectionSerializer with ActiveModelSerializers::Adapter::Attributes (0.52ms)
Completed 200 OK in 3ms (Views: 2.0ms | ActiveRecord: 0.4ms)


